  QuickSort.cpp
e:\documents\work\c++\quicksort\quicksort\sorttesthelper.h(27): warning C4244: “参数”: 从“time_t”转换到“unsigned int”，可能丢失数据
e:\documents\work\c++\quicksort\quicksort\quicksort.h(79): warning C4244: “参数”: 从“time_t”转换到“unsigned int”，可能丢失数据
  e:\documents\work\c++\quicksort\quicksort\quicksort.cpp(63): note: 参见对正在编译的函数 模板 实例化“void quickSort<T>(T [],int)”的引用
          with
          [
              T=int
          ]
e:\documents\work\c++\quicksort\quicksort\quicksort.cpp(49): warning C4244: “参数”: 从“time_t”转换到“unsigned int”，可能丢失数据
  e:\documents\work\c++\quicksort\quicksort\quicksort.cpp(64): note: 参见对正在编译的函数 模板 实例化“void quickSort3Ways<T>(T [],int)”的引用
          with
          [
              T=int
          ]
  正在生成代码
  6 of 99 functions ( 6.1%) were compiled, the rest were copied from previous compilation.
    2 functions were new in current compilation
    5 functions had inline decision re-evaluated but remain unchanged
  已完成代码的生成
  QuickSort.vcxproj -> E:\Documents\work\C++\QuickSort\Release\QuickSort.exe
